<?xml version="1.0" encoding="UTF-8"?>
<!-- Generated by org.testng.reporters.JUnitXMLReporter -->
<testsuite ignored="0" hostname="Hp" failures="1" tests="5" name="Test Guru99 site" time="187.508" errors="0" timestamp="2022-03-31T17:57:19 IST">
  <testcase classname="com.inetBanking.TestCases.LoginPageTC" name="executeLoginFunctionality" time="18.606">
    <failure type="java.lang.AssertionError" message="The test case has failed miserably. expected [true] but found [false]">
      <![CDATA[java.lang.AssertionError: The test case has failed miserably. expected [true] but found [false]
at com.inetBanking.TestCases.LoginPageTC.executeLoginFunctionality(LoginPageTC.java:37)
at java.base/java.util.ArrayList.forEach(ArrayList.java:1511)
... Removed 30 stack frames]]>
    </failure>
  </testcase> <!-- executeLoginFunctionality -->
  <testcase classname="com.inetBanking.TestCases.AddNewCustomer" name="addNewCustomer" time="32.11"/>
  <testcase classname="com.inetBanking.TestCases.EditCustomerTC" name="editCustomerDetails" time="31.909"/>
  <testcase classname="com.inetBanking.TestCases.NewAccountTC" name="createNewBankAccount" time="14.215"/>
  <testcase classname="com.inetBanking.TestCases.LogoutTC" name="executeLogout" time="10.393"/>
</testsuite> <!-- Test Guru99 site -->
