<?xml version="1.0" encoding="UTF-8"?>
<!-- Generated by org.testng.reporters.JUnitXMLReporter -->
<testsuite ignored="0" hostname="Hp" failures="2" tests="3" name="Test Guru99 site(failed)" time="47.398" errors="0" timestamp="2022-03-30T16:47:30 IST">
  <testcase classname="com.inetBanking.TestCases.LoginPageTCUsingDataProviderDDT" name="executeLoginDDT" time="1.488">
    <failure type="junit.framework.AssertionFailedError">
      <![CDATA[junit.framework.AssertionFailedError
at junit.framework.Assert.fail(Assert.java:47)
at junit.framework.Assert.assertTrue(Assert.java:20)
at junit.framework.Assert.assertTrue(Assert.java:27)
at com.inetBanking.TestCases.LoginPageTCUsingDataProviderDDT.executeLoginDDT(LoginPageTCUsingDataProviderDDT.java:29)
at java.base/java.util.ArrayList.forEach(ArrayList.java:1511)
... Removed 27 stack frames]]>
    </failure>
  </testcase> <!-- executeLoginDDT -->
  <testcase classname="com.inetBanking.TestCases.LoginPageTCUsingDataProviderDDT" name="executeLoginDDT" time="5.784">
    <failure type="junit.framework.AssertionFailedError">
      <![CDATA[junit.framework.AssertionFailedError
at junit.framework.Assert.fail(Assert.java:47)
at junit.framework.Assert.assertTrue(Assert.java:20)
at junit.framework.Assert.assertTrue(Assert.java:27)
at com.inetBanking.TestCases.LoginPageTCUsingDataProviderDDT.executeLoginDDT(LoginPageTCUsingDataProviderDDT.java:29)
at java.base/java.util.ArrayList.forEach(ArrayList.java:1511)
... Removed 27 stack frames]]>
    </failure>
  </testcase> <!-- executeLoginDDT -->
  <testcase classname="com.inetBanking.TestCases.LoginPageTC" name="executeLoginFunctionality" time="7.011"/>
</testsuite> <!-- Test Guru99 site(failed) -->
