<?xml version="1.0" encoding="UTF-8"?>
<testng-results ignored="0" total="5" passed="4" failed="1" skipped="0">
  <reporter-output>
  </reporter-output>
  <suite started-at="2022-03-31T17:54:11 IST" name="inetBankingV1" finished-at="2022-03-31T17:57:19 IST" duration-ms="187508">
    <groups>
    </groups>
    <test started-at="2022-03-31T17:54:11 IST" name="Test Guru99 site" finished-at="2022-03-31T17:57:19 IST" duration-ms="187508">
      <class name="com.inetBanking.TestCases.AddNewCustomer">
        <test-method is-config="true" signature="setUp(java.lang.String)[pri:0, instance:com.inetBanking.TestCases.AddNewCustomer@399f45b1]" started-at="2022-03-31T17:54:51 IST" name="setUp" finished-at="2022-03-31T17:55:05 IST" duration-ms="14118" status="PASS">
          <params>
            <param index="0">
              <value>
                <![CDATA[chrome]]>
              </value>
            </param>
          </params>
          <reporter-output>
          </reporter-output>
        </test-method> <!-- setUp -->
        <test-method signature="addNewCustomer()[pri:0, instance:com.inetBanking.TestCases.AddNewCustomer@399f45b1]" started-at="2022-03-31T17:55:05 IST" name="addNewCustomer" finished-at="2022-03-31T17:55:37 IST" duration-ms="32110" status="PASS">
          <reporter-output>
          </reporter-output>
        </test-method> <!-- addNewCustomer -->
        <test-method is-config="true" signature="tearDownTest()[pri:0, instance:com.inetBanking.TestCases.AddNewCustomer@399f45b1]" started-at="2022-03-31T17:55:37 IST" name="tearDownTest" finished-at="2022-03-31T17:55:39 IST" duration-ms="1684" status="PASS">
          <reporter-output>
          </reporter-output>
        </test-method> <!-- tearDownTest -->
      </class> <!-- com.inetBanking.TestCases.AddNewCustomer -->
      <class name="com.inetBanking.TestCases.LoginPageTC">
        <test-method is-config="true" signature="setUp(java.lang.String)[pri:0, instance:com.inetBanking.TestCases.LoginPageTC@6c64cb25]" started-at="2022-03-31T17:54:12 IST" name="setUp" finished-at="2022-03-31T17:54:29 IST" duration-ms="17425" status="PASS">
          <params>
            <param index="0">
              <value>
                <![CDATA[chrome]]>
              </value>
            </param>
          </params>
          <reporter-output>
          </reporter-output>
        </test-method> <!-- setUp -->
        <test-method signature="executeLoginFunctionality()[pri:0, instance:com.inetBanking.TestCases.LoginPageTC@6c64cb25]" started-at="2022-03-31T17:54:29 IST" name="executeLoginFunctionality" finished-at="2022-03-31T17:54:48 IST" duration-ms="18606" status="FAIL">
          <exception class="java.lang.AssertionError">
            <message>
              <![CDATA[The test case has failed miserably. expected [true] but found [false]]]>
            </message>
            <full-stacktrace>
              <![CDATA[java.lang.AssertionError: The test case has failed miserably. expected [true] but found [false]
at org.testng.Assert.fail(Assert.java:99)
at org.testng.Assert.failNotEquals(Assert.java:1037)
at org.testng.Assert.assertTrue(Assert.java:45)
at com.inetBanking.TestCases.LoginPageTC.executeLoginFunctionality(LoginPageTC.java:37)
at java.base/jdk.internal.reflect.NativeMethodAccessorImpl.invoke0(Native Method)
at java.base/jdk.internal.reflect.NativeMethodAccessorImpl.invoke(NativeMethodAccessorImpl.java:77)
at java.base/jdk.internal.reflect.DelegatingMethodAccessorImpl.invoke(DelegatingMethodAccessorImpl.java:43)
at java.base/java.lang.reflect.Method.invoke(Method.java:568)
at org.testng.internal.MethodInvocationHelper.invokeMethod(MethodInvocationHelper.java:133)
at org.testng.internal.TestInvoker.invokeMethod(TestInvoker.java:598)
at org.testng.internal.TestInvoker.invokeTestMethod(TestInvoker.java:173)
at org.testng.internal.MethodRunner.runInSequence(MethodRunner.java:46)
at org.testng.internal.TestInvoker$MethodInvocationAgent.invoke(TestInvoker.java:824)
at org.testng.internal.TestInvoker.invokeTestMethods(TestInvoker.java:146)
at org.testng.internal.TestMethodWorker.invokeTestMethods(TestMethodWorker.java:146)
at org.testng.internal.TestMethodWorker.run(TestMethodWorker.java:128)
at java.base/java.util.ArrayList.forEach(ArrayList.java:1511)
at org.testng.TestRunner.privateRun(TestRunner.java:794)
at org.testng.TestRunner.run(TestRunner.java:596)
at org.testng.SuiteRunner.runTest(SuiteRunner.java:377)
at org.testng.SuiteRunner.runSequentially(SuiteRunner.java:371)
at org.testng.SuiteRunner.privateRun(SuiteRunner.java:332)
at org.testng.SuiteRunner.run(SuiteRunner.java:276)
at org.testng.SuiteRunnerWorker.runSuite(SuiteRunnerWorker.java:53)
at org.testng.SuiteRunnerWorker.run(SuiteRunnerWorker.java:96)
at org.testng.TestNG.runSuitesSequentially(TestNG.java:1212)
at org.testng.TestNG.runSuitesLocally(TestNG.java:1134)
at org.testng.TestNG.runSuites(TestNG.java:1063)
at org.testng.TestNG.run(TestNG.java:1031)
at org.testng.remote.AbstractRemoteTestNG.run(AbstractRemoteTestNG.java:115)
at org.testng.remote.RemoteTestNG.initAndRun(RemoteTestNG.java:251)
at org.testng.remote.RemoteTestNG.main(RemoteTestNG.java:77)
]]>
            </full-stacktrace>
          </exception> <!-- java.lang.AssertionError -->
          <reporter-output>
          </reporter-output>
        </test-method> <!-- executeLoginFunctionality -->
        <test-method is-config="true" signature="tearDownTest()[pri:0, instance:com.inetBanking.TestCases.LoginPageTC@6c64cb25]" started-at="2022-03-31T17:54:48 IST" name="tearDownTest" finished-at="2022-03-31T17:54:51 IST" duration-ms="2623" status="PASS">
          <reporter-output>
          </reporter-output>
        </test-method> <!-- tearDownTest -->
      </class> <!-- com.inetBanking.TestCases.LoginPageTC -->
      <class name="com.inetBanking.TestCases.NewAccountTC">
        <test-method is-config="true" signature="setUp(java.lang.String)[pri:0, instance:com.inetBanking.TestCases.NewAccountTC@478190fc]" started-at="2022-03-31T17:56:30 IST" name="setUp" finished-at="2022-03-31T17:56:42 IST" duration-ms="12226" status="PASS">
          <params>
            <param index="0">
              <value>
                <![CDATA[chrome]]>
              </value>
            </param>
          </params>
          <reporter-output>
          </reporter-output>
        </test-method> <!-- setUp -->
        <test-method signature="createNewBankAccount()[pri:0, instance:com.inetBanking.TestCases.NewAccountTC@478190fc]" started-at="2022-03-31T17:56:42 IST" name="createNewBankAccount" finished-at="2022-03-31T17:56:56 IST" duration-ms="14215" status="PASS">
          <reporter-output>
          </reporter-output>
        </test-method> <!-- createNewBankAccount -->
        <test-method is-config="true" signature="tearDownTest()[pri:0, instance:com.inetBanking.TestCases.NewAccountTC@478190fc]" started-at="2022-03-31T17:56:56 IST" name="tearDownTest" finished-at="2022-03-31T17:56:57 IST" duration-ms="1368" status="PASS">
          <reporter-output>
          </reporter-output>
        </test-method> <!-- tearDownTest -->
      </class> <!-- com.inetBanking.TestCases.NewAccountTC -->
      <class name="com.inetBanking.TestCases.EditCustomerTC">
        <test-method is-config="true" signature="setUp(java.lang.String)[pri:0, instance:com.inetBanking.TestCases.EditCustomerTC@38c6f217]" started-at="2022-03-31T17:55:39 IST" name="setUp" finished-at="2022-03-31T17:55:55 IST" duration-ms="15849" status="PASS">
          <params>
            <param index="0">
              <value>
                <![CDATA[chrome]]>
              </value>
            </param>
          </params>
          <reporter-output>
          </reporter-output>
        </test-method> <!-- setUp -->
        <test-method signature="editCustomerDetails()[pri:0, instance:com.inetBanking.TestCases.EditCustomerTC@38c6f217]" started-at="2022-03-31T17:55:55 IST" name="editCustomerDetails" finished-at="2022-03-31T17:56:26 IST" duration-ms="31909" status="PASS">
          <reporter-output>
          </reporter-output>
        </test-method> <!-- editCustomerDetails -->
        <test-method is-config="true" signature="tearDownTest()[pri:0, instance:com.inetBanking.TestCases.EditCustomerTC@38c6f217]" started-at="2022-03-31T17:56:26 IST" name="tearDownTest" finished-at="2022-03-31T17:56:30 IST" duration-ms="3159" status="PASS">
          <reporter-output>
          </reporter-output>
        </test-method> <!-- tearDownTest -->
      </class> <!-- com.inetBanking.TestCases.EditCustomerTC -->
      <class name="com.inetBanking.TestCases.LogoutTC">
        <test-method is-config="true" signature="setUp(java.lang.String)[pri:0, instance:com.inetBanking.TestCases.LogoutTC@79e2c065]" started-at="2022-03-31T17:56:57 IST" name="setUp" finished-at="2022-03-31T17:57:07 IST" duration-ms="9723" status="PASS">
          <params>
            <param index="0">
              <value>
                <![CDATA[chrome]]>
              </value>
            </param>
          </params>
          <reporter-output>
          </reporter-output>
        </test-method> <!-- setUp -->
        <test-method signature="executeLogout()[pri:0, instance:com.inetBanking.TestCases.LogoutTC@79e2c065]" started-at="2022-03-31T17:57:07 IST" name="executeLogout" finished-at="2022-03-31T17:57:18 IST" duration-ms="10393" status="PASS">
          <reporter-output>
          </reporter-output>
        </test-method> <!-- executeLogout -->
        <test-method is-config="true" signature="tearDownTest()[pri:0, instance:com.inetBanking.TestCases.LogoutTC@79e2c065]" started-at="2022-03-31T17:57:18 IST" name="tearDownTest" finished-at="2022-03-31T17:57:19 IST" duration-ms="1295" status="PASS">
          <reporter-output>
          </reporter-output>
        </test-method> <!-- tearDownTest -->
      </class> <!-- com.inetBanking.TestCases.LogoutTC -->
    </test> <!-- Test Guru99 site -->
  </suite> <!-- inetBankingV1 -->
</testng-results>
